<?xml version="1.0" encoding="UTF-8" ?>
<testsuites>
  <testsuite errors="0" failures="0" hostname="MCSAHM01" id="0" name="TS_POC_TestSuite_xml" package="DemoCI" skipped="0" tests="1" time="0.091" timestamp="2018-12-06T06:05:42">
      <properties>
[...]
</properties>

      <testcase classname="com.wm.ps.test.WmTestCase" name="0.0  TC_demoService" time="0.08" />

  </testsuite>
  <testsuite errors="0" failures="0" hostname="MCSAHM01" id="1" name="TS_POC_TestSuite_xml" package="DemoCI" skipped="0" tests="1" time="0.074" timestamp="2018-12-06T06:07:44">
      <properties>
[...]
</properties>

      <testcase classname="com.wm.ps.test.WmTestCase" name="0.0  TC_demoService" time="0.062" />

  </testsuite>
  <testsuite errors="0" failures="0" hostname="MCSAHM01" id="2" name="TS_POC_TestSuite_xml" package="DemoCI" skipped="0" tests="1" time="0.079" timestamp="2018-12-05T10:56:10">
      <properties>
[...]
</properties>

      <testcase classname="com.wm.ps.test.WmTestCase" name="0.0  TC_demoService" time="0.069" />

  </testsuite>
  <testsuite errors="0" failures="0" hostname="MCSAHM01" id="3" name="TS_POC_TestSuite_xml" package="DemoCI" skipped="0" tests="1" time="0.084" timestamp="2018-12-06T06:04:56">
      <properties>
[...]
</properties>

      <testcase classname="com.wm.ps.test.WmTestCase" name="0.0  TC_demoService" time="0.074" />

  </testsuite>
  <testsuite errors="0" failures="0" hostname="MCSAHM01" id="4" name="TS_POC_TestSuite_xml" package="DemoCI" skipped="0" tests="1" time="0.198" timestamp="2018-12-06T05:54:03">
      <properties>
[...]
</properties>

      <testcase classname="com.wm.ps.test.WmTestCase" name="0.0  TC_demoService" time="0.182" />

  </testsuite>
</testsuites>
